{"src/Fee.sol":{"l":{"25":7,"29":11,"33":7,"34":7,"36":7,"37":3,"38":3,"40":3,"42":4,"43":4},"path":"/Users/fps/Desktop/attp-contracts/src/Fee.sol","s":{"1":7,"2":7,"3":7,"4":7,"5":3,"6":3,"7":3,"8":4,"9":4},"b":{"1":[3,4],"2":[3,0]},"f":{"1":7,"2":11,"3":7},"fnMap":{"1":{"name":"_takeFee","line":24,"loc":{"start":{"line":24,"column":4},"end":{"line":26,"column":4}}},"2":{"name":"_calculateFee","line":28,"loc":{"start":{"line":28,"column":4},"end":{"line":30,"column":4}}},"3":{"name":"_distributeFee","line":32,"loc":{"start":{"line":32,"column":4},"end":{"line":45,"column":4}}}},"statementMap":{"1":{"start":{"line":25,"column":8},"end":{"line":25,"column":51}},"2":{"start":{"line":33,"column":8},"end":{"line":33,"column":77}},"3":{"start":{"line":34,"column":8},"end":{"line":34,"column":55}},"4":{"start":{"line":36,"column":8},"end":{"line":36,"column":1387}},"5":{"start":{"line":37,"column":12},"end":{"line":37,"column":69}},"6":{"start":{"line":38,"column":12},"end":{"line":38,"column":88}},"7":{"start":{"line":40,"column":12},"end":{"line":40,"column":38}},"8":{"start":{"line":42,"column":12},"end":{"line":42,"column":54}},"9":{"start":{"line":43,"column":12},"end":{"line":43,"column":67}}},"branchMap":{"1":{"line":36,"type":"if","locations":[{"start":{"line":36,"column":8},"end":{"line":36,"column":8}},{"start":{"line":36,"column":8},"end":{"line":36,"column":8}}]},"2":{"line":40,"type":"if","locations":[{"start":{"line":40,"column":12},"end":{"line":40,"column":12}},{"start":{"line":40,"column":12},"end":{"line":40,"column":12}}]}}},"src/interfaces/IMain.sol":{"l":{},"path":"/Users/fps/Desktop/attp-contracts/src/interfaces/IMain.sol","s":{},"b":{},"f":{},"fnMap":{},"statementMap":{},"branchMap":{}},"src/interfaces/IVerifier.sol":{"l":{},"path":"/Users/fps/Desktop/attp-contracts/src/interfaces/IVerifier.sol","s":{},"b":{},"f":{},"fnMap":{},"statementMap":{},"branchMap":{}},"src/lib/Extractor.sol":{"l":{"10":13,"11":13,"12":13,"16":13,"20":13,"24":13},"path":"/Users/fps/Desktop/attp-contracts/src/lib/Extractor.sol","s":{},"b":{},"f":{"1":13,"2":13,"3":13,"4":13},"fnMap":{"1":{"name":"_extractKeyMetadata","line":5,"loc":{"start":{"line":5,"column":4},"end":{"line":13,"column":4}}},"2":{"name":"_extractKeyHash","line":15,"loc":{"start":{"line":15,"column":4},"end":{"line":17,"column":4}}},"3":{"name":"_extractAsset","line":19,"loc":{"start":{"line":19,"column":4},"end":{"line":21,"column":4}}},"4":{"name":"_extractAmount","line":23,"loc":{"start":{"line":23,"column":4},"end":{"line":25,"column":4}}}},"statementMap":{},"branchMap":{}},"src/lib/PoseidonT4.sol":{"l":{"27":9},"path":"/Users/fps/Desktop/attp-contracts/src/lib/PoseidonT4.sol","s":{},"b":{},"f":{"1":9},"fnMap":{"1":{"name":"hash","line":26,"loc":{"start":{"line":26,"column":2},"end":{"line":567,"column":2}}}},"statementMap":{},"branchMap":{}},"src/Main.sol":{"l":{"24":2,"25":2,"31":9,"32":9,"34":9,"36":8,"38":8,"39":4,"40":3,"42":4,"43":4,"47":7,"48":7,"50":7,"51":7,"52":7,"53":7,"66":6,"68":5,"69":4,"71":4,"73":4,"74":4,"76":4,"77":3,"79":3,"80":3,"81":3,"82":3,"83":3,"84":3,"86":3,"88":2,"89":1,"90":1,"95":4,"96":4,"100":6,"101":75,"104":1},"path":"/Users/fps/Desktop/attp-contracts/src/Main.sol","s":{"1":2,"2":9,"3":9,"4":9,"5":8,"6":8,"7":4,"8":4,"9":7,"10":7,"11":7,"12":7,"13":7,"14":7,"15":6,"16":5,"17":4,"18":4,"19":4,"20":4,"21":3,"22":3,"23":2,"24":1,"25":1,"26":1,"27":4,"28":6,"29":75,"30":5,"31":1},"b":{"1":[1,8],"2":[4,4],"3":[1,3],"4":[7,0],"5":[6,0],"6":[1,5],"7":[1,4],"8":[1,3],"9":[1,2],"10":[1,1],"11":[1,0],"12":[5,70]},"f":{"1":2,"2":9,"3":6,"4":4,"5":6},"fnMap":{"1":{"name":"constructor","line":23,"loc":{"start":{"line":23,"column":4},"end":{"line":26,"column":4}}},"2":{"name":"deposit","line":30,"loc":{"start":{"line":30,"column":4},"end":{"line":54,"column":4}}},"3":{"name":"withdraw","line":65,"loc":{"start":{"line":56,"column":4},"end":{"line":92,"column":4}}},"4":{"name":"_getMaxWithdrawalOnAmount","line":94,"loc":{"start":{"line":94,"column":4},"end":{"line":97,"column":4}}},"5":{"name":"_rootIsInHistory","line":99,"loc":{"start":{"line":99,"column":4},"end":{"line":105,"column":4}}}},"statementMap":{"1":{"start":{"line":25,"column":8},"end":{"line":25,"column":35}},"2":{"start":{"line":31,"column":8},"end":{"line":31,"column":91}},"3":{"start":{"line":32,"column":8},"end":{"line":32,"column":100}},"4":{"start":{"line":34,"column":8},"end":{"line":34,"column":58}},"5":{"start":{"line":36,"column":8},"end":{"line":36,"column":23}},"6":{"start":{"line":38,"column":8},"end":{"line":38,"column":1421}},"7":{"start":{"line":39,"column":12},"end":{"line":39,"column":84}},"8":{"start":{"line":42,"column":12},"end":{"line":42,"column":76}},"9":{"start":{"line":47,"column":8},"end":{"line":47,"column":61}},"10":{"start":{"line":48,"column":8},"end":{"line":48,"column":20}},"11":{"start":{"line":50,"column":8},"end":{"line":50,"column":38}},"12":{"start":{"line":51,"column":8},"end":{"line":51,"column":21}},"13":{"start":{"line":52,"column":8},"end":{"line":52,"column":34}},"14":{"start":{"line":53,"column":8},"end":{"line":53,"column":31}},"15":{"start":{"line":66,"column":8},"end":{"line":66,"column":66}},"16":{"start":{"line":68,"column":8},"end":{"line":68,"column":69}},"17":{"start":{"line":71,"column":8},"end":{"line":71,"column":99}},"18":{"start":{"line":73,"column":8},"end":{"line":73,"column":72}},"19":{"start":{"line":74,"column":8},"end":{"line":74,"column":60}},"20":{"start":{"line":76,"column":8},"end":{"line":76,"column":93}},"21":{"start":{"line":79,"column":8},"end":{"line":79,"column":39}},"22":{"start":{"line":86,"column":8},"end":{"line":86,"column":87}},"23":{"start":{"line":88,"column":8},"end":{"line":88,"column":3281}},"24":{"start":{"line":89,"column":12},"end":{"line":89,"column":62}},"25":{"start":{"line":90,"column":12},"end":{"line":90,"column":24}},"26":{"start":{"line":91,"column":15},"end":{"line":91,"column":59}},"27":{"start":{"line":95,"column":8},"end":{"line":95,"column":43}},"28":{"start":{"line":100,"column":8},"end":{"line":100,"column":3693}},"29":{"start":{"line":101,"column":12},"end":{"line":101,"column":51}},"30":{"start":{"line":101,"column":40},"end":{"line":101,"column":51}},"31":{"start":{"line":104,"column":8},"end":{"line":104,"column":20}}},"branchMap":{"1":{"line":34,"type":"if","locations":[{"start":{"line":34,"column":8},"end":{"line":34,"column":8}},{"start":{"line":34,"column":8},"end":{"line":34,"column":8}}]},"2":{"line":38,"type":"if","locations":[{"start":{"line":38,"column":8},"end":{"line":38,"column":8}},{"start":{"line":38,"column":8},"end":{"line":38,"column":8}}]},"3":{"line":39,"type":"if","locations":[{"start":{"line":39,"column":12},"end":{"line":39,"column":12}},{"start":{"line":39,"column":12},"end":{"line":39,"column":12}}]},"4":{"line":48,"type":"if","locations":[{"start":{"line":48,"column":8},"end":{"line":48,"column":8}},{"start":{"line":48,"column":8},"end":{"line":48,"column":8}}]},"5":{"line":65,"type":"if","locations":[{"start":{"line":65,"column":13},"end":{"line":65,"column":13}},{"start":{"line":65,"column":13},"end":{"line":65,"column":13}}]},"6":{"line":66,"type":"if","locations":[{"start":{"line":66,"column":8},"end":{"line":66,"column":8}},{"start":{"line":66,"column":8},"end":{"line":66,"column":8}}]},"7":{"line":68,"type":"if","locations":[{"start":{"line":68,"column":8},"end":{"line":68,"column":8}},{"start":{"line":68,"column":8},"end":{"line":68,"column":8}}]},"8":{"line":76,"type":"if","locations":[{"start":{"line":76,"column":8},"end":{"line":76,"column":8}},{"start":{"line":76,"column":8},"end":{"line":76,"column":8}}]},"9":{"line":86,"type":"if","locations":[{"start":{"line":86,"column":8},"end":{"line":86,"column":8}},{"start":{"line":86,"column":8},"end":{"line":86,"column":8}}]},"10":{"line":88,"type":"if","locations":[{"start":{"line":88,"column":8},"end":{"line":88,"column":8}},{"start":{"line":88,"column":8},"end":{"line":88,"column":8}}]},"11":{"line":90,"type":"if","locations":[{"start":{"line":90,"column":12},"end":{"line":90,"column":12}},{"start":{"line":90,"column":12},"end":{"line":90,"column":12}}]},"12":{"line":101,"type":"if","locations":[{"start":{"line":101,"column":12},"end":{"line":101,"column":12}},{"start":{"line":101,"column":12},"end":{"line":101,"column":12}}]}}},"src/mock/MockERC20.sol":{"l":{"11":2},"path":"/Users/fps/Desktop/attp-contracts/src/mock/MockERC20.sol","s":{"1":2},"b":{},"f":{"1":2,"2":2},"fnMap":{"1":{"name":"constructor","line":8,"loc":{"start":{"line":7,"column":4},"end":{"line":8,"column":29}}},"2":{"name":"mint","line":10,"loc":{"start":{"line":10,"column":4},"end":{"line":12,"column":4}}}},"statementMap":{"1":{"start":{"line":11,"column":8},"end":{"line":11,"column":24}}},"branchMap":{}},"src/Recorder.sol":{"l":{"31":2,"33":2,"35":2,"36":2,"37":2,"41":2,"45":2,"49":9,"53":7,"55":7,"59":7,"65":7,"66":4,"67":4},"path":"/Users/fps/Desktop/attp-contracts/src/Recorder.sol","s":{"1":2,"2":2,"3":2,"4":2,"5":9,"6":7,"7":7},"b":{"1":[1,1],"2":[3,4],"3":[4,3]},"f":{"1":2,"2":2,"3":9,"4":7},"fnMap":{"1":{"name":"getDepositDelta","line":30,"loc":{"start":{"line":30,"column":4},"end":{"line":42,"column":4}}},"2":{"name":"userHasDeposited","line":44,"loc":{"start":{"line":44,"column":4},"end":{"line":46,"column":4}}},"3":{"name":"_leafExists","line":48,"loc":{"start":{"line":48,"column":4},"end":{"line":50,"column":4}}},"4":{"name":"_recordDeposit","line":52,"loc":{"start":{"line":52,"column":4},"end":{"line":69,"column":4}}}},"statementMap":{"1":{"start":{"line":31,"column":8},"end":{"line":31,"column":55}},"2":{"start":{"line":33,"column":8},"end":{"line":33,"column":39}},"3":{"start":{"line":41,"column":8},"end":{"line":41,"column":27}},"4":{"start":{"line":45,"column":8},"end":{"line":45,"column":41}},"5":{"start":{"line":49,"column":8},"end":{"line":49,"column":27}},"6":{"start":{"line":55,"column":8},"end":{"line":55,"column":1818}},"7":{"start":{"line":65,"column":8},"end":{"line":65,"column":2087}}},"branchMap":{"1":{"line":38,"type":"if","locations":[{"start":{"line":38,"column":14},"end":{"line":38,"column":34}},{"start":{"line":39,"column":14},"end":{"line":39,"column":51}}]},"2":{"line":56,"type":"if","locations":[{"start":{"line":56,"column":14},"end":{"line":56,"column":34}},{"start":{"line":57,"column":14},"end":{"line":57,"column":51}}]},"3":{"line":65,"type":"if","locations":[{"start":{"line":65,"column":8},"end":{"line":65,"column":8}},{"start":{"line":65,"column":8},"end":{"line":65,"column":8}}]}}},"src/Verifier.sol":{"l":{"54":3},"path":"/Users/fps/Desktop/attp-contracts/src/Verifier.sol","s":{},"b":{},"f":{"1":3},"fnMap":{"1":{"name":"verifyProof","line":53,"loc":{"start":{"line":53,"column":4},"end":{"line":177,"column":5}}}},"statementMap":{},"branchMap":{}}}