{
"src/Fee.sol":{"l":{"25":3,"29":5,"33":3,"34":3,"36":3,"37":1,"38":1,"40":1,"42":2,"43":2},"path":"/Users/fps/Desktop/attp-contracts/src/Fee.sol","s":{"1":3,"2":3,"3":3,"4":3,"5":1,"6":1,"7":1,"8":2,"9":2},"b":{"1":[1,2],"2":[1,0]},"f":{"1":3,"2":5,"3":3},"fnMap":{"1":{"name":"_takeFee","line":24,"loc":{"start":{"line":24,"column":4},"end":{"line":26,"column":4}}},"2":{"name":"_calculateFee","line":28,"loc":{"start":{"line":28,"column":4},"end":{"line":30,"column":4}}},"3":{"name":"_distributeFee","line":32,"loc":{"start":{"line":32,"column":4},"end":{"line":45,"column":4}}}},"statementMap":{"1":{"start":{"line":25,"column":8},"end":{"line":25,"column":51}},"2":{"start":{"line":33,"column":8},"end":{"line":33,"column":77}},"3":{"start":{"line":34,"column":8},"end":{"line":34,"column":55}},"4":{"start":{"line":36,"column":8},"end":{"line":36,"column":1387}},"5":{"start":{"line":37,"column":12},"end":{"line":37,"column":69}},"6":{"start":{"line":38,"column":12},"end":{"line":38,"column":88}},"7":{"start":{"line":40,"column":12},"end":{"line":40,"column":38}},"8":{"start":{"line":42,"column":12},"end":{"line":42,"column":54}},"9":{"start":{"line":43,"column":12},"end":{"line":43,"column":67}}},"branchMap":{"1":{"line":36,"type":"if","locations":[{"start":{"line":36,"column":8},"end":{"line":36,"column":8}},{"start":{"line":36,"column":8},"end":{"line":36,"column":8}}]},"2":{"line":40,"type":"if","locations":[{"start":{"line":40,"column":12},"end":{"line":40,"column":12}},{"start":{"line":40,"column":12},"end":{"line":40,"column":12}}]}}},
"src/interfaces/IMain.sol":{"l":{},"path":"/Users/fps/Desktop/attp-contracts/src/interfaces/IMain.sol","s":{},"b":{},"f":{},"fnMap":{},"statementMap":{},"branchMap":{}},
"src/lib/Computer.sol":{"l":{"18":1,"21":1,"23":1,"24":116,"26":116,"27":928,"28":928,"36":116,"37":928,"38":365,"40":563},"path":"/Users/fps/Desktop/attp-contracts/src/lib/Computer.sol","s":{"1":1,"2":1,"3":1,"4":116,"5":116,"6":116,"7":928},"b":{"1":[365,563]},"f":{"1":1,"2":116},"fnMap":{"1":{"name":"_computePublicSignals","line":14,"loc":{"start":{"line":14,"column":4},"end":{"line":31,"column":4}}},"2":{"name":"_computeByteToBitArray","line":35,"loc":{"start":{"line":35,"column":4},"end":{"line":43,"column":4}}}},"statementMap":{"1":{"start":{"line":18,"column":8},"end":{"line":18,"column":20}},"2":{"start":{"line":21,"column":8},"end":{"line":21,"column":67}},"3":{"start":{"line":23,"column":8},"end":{"line":23,"column":886}},"4":{"start":{"line":24,"column":12},"end":{"line":24,"column":70}},"5":{"start":{"line":26,"column":12},"end":{"line":26,"column":1031}},"6":{"start":{"line":36,"column":8},"end":{"line":36,"column":1440}},"7":{"start":{"line":37,"column":12},"end":{"line":37,"column":1497}}},"branchMap":{"1":{"line":37,"type":"if","locations":[{"start":{"line":37,"column":12},"end":{"line":37,"column":12}},{"start":{"line":37,"column":12},"end":{"line":37,"column":12}}]}}},
"src/lib/Extractor.sol":{"l":{"10":5,"11":5,"12":5,"16":5,"20":5,"24":5},"path":"/Users/fps/Desktop/attp-contracts/src/lib/Extractor.sol","s":{},"b":{},"f":{"1":5,"2":5,"3":5,"4":5},"fnMap":{"1":{"name":"_extractKeyMetadata","line":5,"loc":{"start":{"line":5,"column":4},"end":{"line":13,"column":4}}},"2":{"name":"_extractKeyHash","line":15,"loc":{"start":{"line":15,"column":4},"end":{"line":17,"column":4}}},"3":{"name":"_extractAsset","line":19,"loc":{"start":{"line":19,"column":4},"end":{"line":21,"column":4}}},"4":{"name":"_extractAmount","line":23,"loc":{"start":{"line":23,"column":4},"end":{"line":25,"column":4}}}},"statementMap":{},"branchMap":{}},
"src/Main.sol":{"l":{"22":2,"28":4,"30":3,"32":3,"33":2,"36":2,"37":2,"40":3,"41":3,"42":3,"43":3,"56":3,"58":2,"59":2,"61":2,"63":2,"64":2,"66":2,"67":1,"69":1,"70":1,"72":1,"74":0,"75":0,"76":0,"81":2,"82":2,"86":3,"87":34,"90":1},"path":"/Users/fps/Desktop/attp-contracts/src/Main.sol","s":{"1":2,"2":4,"3":3,"4":3,"5":2,"6":2,"7":2,"8":3,"9":3,"10":3,"11":3,"12":3,"13":2,"14":2,"15":2,"16":2,"17":2,"18":1,"19":1,"20":0,"21":0,"22":0,"23":0,"24":2,"25":3,"26":34,"27":2,"28":1},"b":{"1":[1,3],"2":[2,1],"3":[2,0],"4":[3,0],"5":[1,2],"6":[0,2],"7":[1,1],"8":[1,0],"9":[0,0],"10":[0,0],"11":[2,32]},"f":{"1":2,"2":4,"3":3,"4":2,"5":3},"fnMap":{"1":{"name":"constructor","line":21,"loc":{"start":{"line":21,"column":4},"end":{"line":23,"column":4}}},"2":{"name":"deposit","line":27,"loc":{"start":{"line":27,"column":4},"end":{"line":44,"column":4}}},"3":{"name":"withdraw","line":55,"loc":{"start":{"line":46,"column":4},"end":{"line":78,"column":4}}},"4":{"name":"_getMaxWithdrawalOnAmount","line":80,"loc":{"start":{"line":80,"column":4},"end":{"line":83,"column":4}}},"5":{"name":"_rootIsInHistory","line":85,"loc":{"start":{"line":85,"column":4},"end":{"line":91,"column":4}}}},"statementMap":{"1":{"start":{"line":22,"column":8},"end":{"line":22,"column":35}},"2":{"start":{"line":28,"column":8},"end":{"line":28,"column":80}},"3":{"start":{"line":30,"column":8},"end":{"line":30,"column":76}},"4":{"start":{"line":32,"column":8},"end":{"line":32,"column":1222}},"5":{"start":{"line":33,"column":12},"end":{"line":33,"column":76}},"6":{"start":{"line":36,"column":12},"end":{"line":36,"column":67}},"7":{"start":{"line":37,"column":12},"end":{"line":37,"column":24}},"8":{"start":{"line":40,"column":8},"end":{"line":40,"column":38}},"9":{"start":{"line":41,"column":8},"end":{"line":41,"column":32}},"10":{"start":{"line":42,"column":8},"end":{"line":42,"column":45}},"11":{"start":{"line":43,"column":8},"end":{"line":43,"column":42}},"12":{"start":{"line":56,"column":8},"end":{"line":56,"column":66}},"13":{"start":{"line":58,"column":8},"end":{"line":58,"column":69}},"14":{"start":{"line":61,"column":8},"end":{"line":61,"column":84}},"15":{"start":{"line":63,"column":8},"end":{"line":63,"column":72}},"16":{"start":{"line":64,"column":8},"end":{"line":64,"column":60}},"17":{"start":{"line":66,"column":8},"end":{"line":66,"column":93}},"18":{"start":{"line":69,"column":8},"end":{"line":69,"column":95}},"19":{"start":{"line":72,"column":8},"end":{"line":72,"column":83}},"20":{"start":{"line":74,"column":8},"end":{"line":74,"column":2829}},"21":{"start":{"line":75,"column":12},"end":{"line":75,"column":63}},"22":{"start":{"line":76,"column":12},"end":{"line":76,"column":24}},"23":{"start":{"line":77,"column":15},"end":{"line":77,"column":59}},"24":{"start":{"line":81,"column":8},"end":{"line":81,"column":43}},"25":{"start":{"line":86,"column":8},"end":{"line":86,"column":3242}},"26":{"start":{"line":87,"column":12},"end":{"line":87,"column":51}},"27":{"start":{"line":87,"column":40},"end":{"line":87,"column":51}},"28":{"start":{"line":90,"column":8},"end":{"line":90,"column":20}}},"branchMap":{"1":{"line":28,"type":"if","locations":[{"start":{"line":28,"column":8},"end":{"line":28,"column":8}},{"start":{"line":28,"column":8},"end":{"line":28,"column":8}}]},"2":{"line":32,"type":"if","locations":[{"start":{"line":32,"column":8},"end":{"line":32,"column":8}},{"start":{"line":32,"column":8},"end":{"line":32,"column":8}}]},"3":{"line":37,"type":"if","locations":[{"start":{"line":37,"column":12},"end":{"line":37,"column":12}},{"start":{"line":37,"column":12},"end":{"line":37,"column":12}}]},"4":{"line":55,"type":"if","locations":[{"start":{"line":55,"column":13},"end":{"line":55,"column":13}},{"start":{"line":55,"column":13},"end":{"line":55,"column":13}}]},"5":{"line":56,"type":"if","locations":[{"start":{"line":56,"column":8},"end":{"line":56,"column":8}},{"start":{"line":56,"column":8},"end":{"line":56,"column":8}}]},"6":{"line":58,"type":"if","locations":[{"start":{"line":58,"column":8},"end":{"line":58,"column":8}},{"start":{"line":58,"column":8},"end":{"line":58,"column":8}}]},"7":{"line":66,"type":"if","locations":[{"start":{"line":66,"column":8},"end":{"line":66,"column":8}},{"start":{"line":66,"column":8},"end":{"line":66,"column":8}}]},"8":{"line":72,"type":"if","locations":[{"start":{"line":72,"column":8},"end":{"line":72,"column":8}},{"start":{"line":72,"column":8},"end":{"line":72,"column":8}}]},"9":{"line":74,"type":"if","locations":[{"start":{"line":74,"column":8},"end":{"line":74,"column":8}},{"start":{"line":74,"column":8},"end":{"line":74,"column":8}}]},"10":{"line":76,"type":"if","locations":[{"start":{"line":76,"column":12},"end":{"line":76,"column":12}},{"start":{"line":76,"column":12},"end":{"line":76,"column":12}}]},"11":{"line":87,"type":"if","locations":[{"start":{"line":87,"column":12},"end":{"line":87,"column":12}},{"start":{"line":87,"column":12},"end":{"line":87,"column":12}}]}}},
"src/mock/MockERC20.sol":{"l":{"10":2},"path":"/Users/fps/Desktop/attp-contracts/src/mock/MockERC20.sol","s":{"1":2},"b":{},"f":{"1":2,"2":2},"fnMap":{"1":{"name":"constructor","line":7,"loc":{"start":{"line":7,"column":4},"end":{"line":7,"column":47}}},"2":{"name":"mint","line":9,"loc":{"start":{"line":9,"column":4},"end":{"line":11,"column":4}}}},"statementMap":{"1":{"start":{"line":10,"column":8},"end":{"line":10,"column":24}}},"branchMap":{}},
"src/Recorder.sol":{"l":{"31":2,"33":2,"35":2,"36":2,"37":2,"41":2,"45":2,"49":4,"53":3,"55":3,"59":3,"65":3,"66":3,"67":3},"path":"/Users/fps/Desktop/attp-contracts/src/Recorder.sol","s":{"1":2,"2":2,"3":2,"4":2,"5":4,"6":3,"7":3},"b":{"1":[1,1],"2":[1,2],"3":[3,0]},"f":{"1":2,"2":2,"3":4,"4":3},"fnMap":{"1":{"name":"getDepositDelta","line":30,"loc":{"start":{"line":30,"column":4},"end":{"line":42,"column":4}}},"2":{"name":"userHasDeposited","line":44,"loc":{"start":{"line":44,"column":4},"end":{"line":46,"column":4}}},"3":{"name":"_leafExists","line":48,"loc":{"start":{"line":48,"column":4},"end":{"line":50,"column":4}}},"4":{"name":"_recordDeposit","line":52,"loc":{"start":{"line":52,"column":4},"end":{"line":69,"column":4}}}},"statementMap":{"1":{"start":{"line":31,"column":8},"end":{"line":31,"column":55}},"2":{"start":{"line":33,"column":8},"end":{"line":33,"column":39}},"3":{"start":{"line":41,"column":8},"end":{"line":41,"column":27}},"4":{"start":{"line":45,"column":8},"end":{"line":45,"column":41}},"5":{"start":{"line":49,"column":8},"end":{"line":49,"column":27}},"6":{"start":{"line":55,"column":8},"end":{"line":55,"column":1818}},"7":{"start":{"line":65,"column":8},"end":{"line":65,"column":2087}}},"branchMap":{"1":{"line":38,"type":"if","locations":[{"start":{"line":38,"column":14},"end":{"line":38,"column":34}},{"start":{"line":39,"column":14},"end":{"line":39,"column":51}}]},"2":{"line":56,"type":"if","locations":[{"start":{"line":56,"column":14},"end":{"line":56,"column":34}},{"start":{"line":57,"column":14},"end":{"line":57,"column":51}}]},"3":{"line":65,"type":"if","locations":[{"start":{"line":65,"column":8},"end":{"line":65,"column":8}},{"start":{"line":65,"column":8},"end":{"line":65,"column":8}}]}}},
"src/Verifier.sol":{"l":{"2845":1},"path":"/Users/fps/Desktop/attp-contracts/src/Verifier.sol","s":{},"b":{},"f":{"1":1},"fnMap":{"1":{"name":"verifyProof","line":2844,"loc":{"start":{"line":2844,"column":4},"end":{"line":6664,"column":5}}}},"statementMap":{},"branchMap":{}}}
