{
"src/Fee.sol":{"l":{"25":104,"29":108,"33":104,"34":104,"36":104,"37":3,"38":3,"40":3,"42":101,"43":101},"path":"/Users/fps/Desktop/attp-contracts/src/Fee.sol","s":{"1":104,"2":104,"3":104,"4":104,"5":3,"6":3,"7":3,"8":101,"9":101},"b":{"1":[3,101],"2":[3,0]},"f":{"1":104,"2":108,"3":104},"fnMap":{"1":{"name":"_takeFee","line":24,"loc":{"start":{"line":24,"column":4},"end":{"line":26,"column":4}}},"2":{"name":"_calculateFee","line":28,"loc":{"start":{"line":28,"column":4},"end":{"line":30,"column":4}}},"3":{"name":"_distributeFee","line":32,"loc":{"start":{"line":32,"column":4},"end":{"line":45,"column":4}}}},"statementMap":{"1":{"start":{"line":25,"column":8},"end":{"line":25,"column":51}},"2":{"start":{"line":33,"column":8},"end":{"line":33,"column":77}},"3":{"start":{"line":34,"column":8},"end":{"line":34,"column":55}},"4":{"start":{"line":36,"column":8},"end":{"line":36,"column":1387}},"5":{"start":{"line":37,"column":12},"end":{"line":37,"column":69}},"6":{"start":{"line":38,"column":12},"end":{"line":38,"column":88}},"7":{"start":{"line":40,"column":12},"end":{"line":40,"column":38}},"8":{"start":{"line":42,"column":12},"end":{"line":42,"column":54}},"9":{"start":{"line":43,"column":12},"end":{"line":43,"column":67}}},"branchMap":{"1":{"line":36,"type":"if","locations":[{"start":{"line":36,"column":8},"end":{"line":36,"column":8}},{"start":{"line":36,"column":8},"end":{"line":36,"column":8}}]},"2":{"line":40,"type":"if","locations":[{"start":{"line":40,"column":12},"end":{"line":40,"column":12}},{"start":{"line":40,"column":12},"end":{"line":40,"column":12}}]}}},
"src/interfaces/IMain.sol":{"l":{},"path":"/Users/fps/Desktop/attp-contracts/src/interfaces/IMain.sol","s":{},"b":{},"f":{},"fnMap":{},"statementMap":{},"branchMap":{}},
"src/lib/Computer.sol":{"l":{"18":3,"21":3,"24":3,"25":96,"27":96,"28":768,"29":768,"33":3,"35":3,"36":252,"38":252,"39":2016,"40":2016,"48":348,"49":2784,"50":962,"52":1822},"path":"/Users/fps/Desktop/attp-contracts/src/lib/Computer.sol","s":{"1":3,"2":3,"3":3,"4":96,"5":96,"6":3,"7":3,"8":252,"9":252,"10":348,"11":2784},"b":{"1":[962,1822]},"f":{"1":3,"2":348},"fnMap":{"1":{"name":"_computePublicSignals","line":14,"loc":{"start":{"line":14,"column":4},"end":{"line":43,"column":4}}},"2":{"name":"_computeByteToBitArray","line":47,"loc":{"start":{"line":47,"column":4},"end":{"line":55,"column":4}}}},"statementMap":{"1":{"start":{"line":18,"column":8},"end":{"line":18,"column":20}},"2":{"start":{"line":21,"column":8},"end":{"line":21,"column":56}},"3":{"start":{"line":24,"column":8},"end":{"line":24,"column":822}},"4":{"start":{"line":25,"column":12},"end":{"line":25,"column":81}},"5":{"start":{"line":27,"column":12},"end":{"line":27,"column":967}},"6":{"start":{"line":33,"column":8},"end":{"line":33,"column":74}},"7":{"start":{"line":35,"column":8},"end":{"line":35,"column":1195}},"8":{"start":{"line":36,"column":12},"end":{"line":36,"column":83}},"9":{"start":{"line":38,"column":12},"end":{"line":38,"column":1342}},"10":{"start":{"line":48,"column":8},"end":{"line":48,"column":1751}},"11":{"start":{"line":49,"column":12},"end":{"line":49,"column":1808}}},"branchMap":{"1":{"line":49,"type":"if","locations":[{"start":{"line":49,"column":12},"end":{"line":49,"column":12}},{"start":{"line":49,"column":12},"end":{"line":49,"column":12}}]}}},
"src/lib/Extractor.sol":{"l":{"10":109,"11":109,"12":109,"16":109,"20":109,"24":109},"path":"/Users/fps/Desktop/attp-contracts/src/lib/Extractor.sol","s":{},"b":{},"f":{"1":109,"2":109,"3":109,"4":109},"fnMap":{"1":{"name":"_extractKeyMetadata","line":5,"loc":{"start":{"line":5,"column":4},"end":{"line":13,"column":4}}},"2":{"name":"_extractKeyHash","line":15,"loc":{"start":{"line":15,"column":4},"end":{"line":17,"column":4}}},"3":{"name":"_extractAsset","line":19,"loc":{"start":{"line":19,"column":4},"end":{"line":21,"column":4}}},"4":{"name":"_extractAmount","line":23,"loc":{"start":{"line":23,"column":4},"end":{"line":25,"column":4}}}},"statementMap":{},"branchMap":{}},
"src/Main.sol":{"l":{"22":2,"28":106,"30":105,"32":105,"34":105,"35":4,"36":3,"38":101,"39":101,"43":104,"44":104,"46":104,"47":104,"48":104,"49":104,"62":6,"64":5,"65":4,"67":4,"69":4,"70":4,"72":4,"73":3,"75":3,"76":3,"78":3,"80":2,"81":1,"82":1,"87":4,"88":4,"92":6,"93":74,"96":1},"path":"/Users/fps/Desktop/attp-contracts/src/Main.sol","s":{"1":2,"2":106,"3":105,"4":105,"5":105,"6":4,"7":101,"8":104,"9":104,"10":104,"11":104,"12":104,"13":104,"14":6,"15":5,"16":4,"17":4,"18":4,"19":4,"20":3,"21":3,"22":2,"23":1,"24":1,"25":1,"26":4,"27":6,"28":74,"29":5,"30":1},"b":{"1":[1,105],"2":[4,101],"3":[1,3],"4":[104,0],"5":[6,0],"6":[1,5],"7":[1,4],"8":[1,3],"9":[1,2],"10":[1,1],"11":[1,0],"12":[5,69]},"f":{"1":2,"2":106,"3":6,"4":4,"5":6},"fnMap":{"1":{"name":"constructor","line":21,"loc":{"start":{"line":21,"column":4},"end":{"line":23,"column":4}}},"2":{"name":"deposit","line":27,"loc":{"start":{"line":27,"column":4},"end":{"line":50,"column":4}}},"3":{"name":"withdraw","line":61,"loc":{"start":{"line":52,"column":4},"end":{"line":84,"column":4}}},"4":{"name":"_getMaxWithdrawalOnAmount","line":86,"loc":{"start":{"line":86,"column":4},"end":{"line":89,"column":4}}},"5":{"name":"_rootIsInHistory","line":91,"loc":{"start":{"line":91,"column":4},"end":{"line":97,"column":4}}}},"statementMap":{"1":{"start":{"line":22,"column":8},"end":{"line":22,"column":35}},"2":{"start":{"line":28,"column":8},"end":{"line":28,"column":80}},"3":{"start":{"line":30,"column":8},"end":{"line":30,"column":76}},"4":{"start":{"line":32,"column":8},"end":{"line":32,"column":23}},"5":{"start":{"line":34,"column":8},"end":{"line":34,"column":1256}},"6":{"start":{"line":35,"column":12},"end":{"line":35,"column":84}},"7":{"start":{"line":38,"column":12},"end":{"line":38,"column":76}},"8":{"start":{"line":43,"column":8},"end":{"line":43,"column":61}},"9":{"start":{"line":44,"column":8},"end":{"line":44,"column":20}},"10":{"start":{"line":46,"column":8},"end":{"line":46,"column":38}},"11":{"start":{"line":47,"column":8},"end":{"line":47,"column":32}},"12":{"start":{"line":48,"column":8},"end":{"line":48,"column":45}},"13":{"start":{"line":49,"column":8},"end":{"line":49,"column":42}},"14":{"start":{"line":62,"column":8},"end":{"line":62,"column":66}},"15":{"start":{"line":64,"column":8},"end":{"line":64,"column":69}},"16":{"start":{"line":67,"column":8},"end":{"line":67,"column":84}},"17":{"start":{"line":69,"column":8},"end":{"line":69,"column":72}},"18":{"start":{"line":70,"column":8},"end":{"line":70,"column":60}},"19":{"start":{"line":72,"column":8},"end":{"line":72,"column":93}},"20":{"start":{"line":75,"column":8},"end":{"line":75,"column":95}},"21":{"start":{"line":78,"column":8},"end":{"line":78,"column":83}},"22":{"start":{"line":80,"column":8},"end":{"line":80,"column":3000}},"23":{"start":{"line":81,"column":12},"end":{"line":81,"column":63}},"24":{"start":{"line":82,"column":12},"end":{"line":82,"column":24}},"25":{"start":{"line":83,"column":15},"end":{"line":83,"column":59}},"26":{"start":{"line":87,"column":8},"end":{"line":87,"column":43}},"27":{"start":{"line":92,"column":8},"end":{"line":92,"column":3413}},"28":{"start":{"line":93,"column":12},"end":{"line":93,"column":51}},"29":{"start":{"line":93,"column":40},"end":{"line":93,"column":51}},"30":{"start":{"line":96,"column":8},"end":{"line":96,"column":20}}},"branchMap":{"1":{"line":28,"type":"if","locations":[{"start":{"line":28,"column":8},"end":{"line":28,"column":8}},{"start":{"line":28,"column":8},"end":{"line":28,"column":8}}]},"2":{"line":34,"type":"if","locations":[{"start":{"line":34,"column":8},"end":{"line":34,"column":8}},{"start":{"line":34,"column":8},"end":{"line":34,"column":8}}]},"3":{"line":35,"type":"if","locations":[{"start":{"line":35,"column":12},"end":{"line":35,"column":12}},{"start":{"line":35,"column":12},"end":{"line":35,"column":12}}]},"4":{"line":44,"type":"if","locations":[{"start":{"line":44,"column":8},"end":{"line":44,"column":8}},{"start":{"line":44,"column":8},"end":{"line":44,"column":8}}]},"5":{"line":61,"type":"if","locations":[{"start":{"line":61,"column":13},"end":{"line":61,"column":13}},{"start":{"line":61,"column":13},"end":{"line":61,"column":13}}]},"6":{"line":62,"type":"if","locations":[{"start":{"line":62,"column":8},"end":{"line":62,"column":8}},{"start":{"line":62,"column":8},"end":{"line":62,"column":8}}]},"7":{"line":64,"type":"if","locations":[{"start":{"line":64,"column":8},"end":{"line":64,"column":8}},{"start":{"line":64,"column":8},"end":{"line":64,"column":8}}]},"8":{"line":72,"type":"if","locations":[{"start":{"line":72,"column":8},"end":{"line":72,"column":8}},{"start":{"line":72,"column":8},"end":{"line":72,"column":8}}]},"9":{"line":78,"type":"if","locations":[{"start":{"line":78,"column":8},"end":{"line":78,"column":8}},{"start":{"line":78,"column":8},"end":{"line":78,"column":8}}]},"10":{"line":80,"type":"if","locations":[{"start":{"line":80,"column":8},"end":{"line":80,"column":8}},{"start":{"line":80,"column":8},"end":{"line":80,"column":8}}]},"11":{"line":82,"type":"if","locations":[{"start":{"line":82,"column":12},"end":{"line":82,"column":12}},{"start":{"line":82,"column":12},"end":{"line":82,"column":12}}]},"12":{"line":93,"type":"if","locations":[{"start":{"line":93,"column":12},"end":{"line":93,"column":12}},{"start":{"line":93,"column":12},"end":{"line":93,"column":12}}]}}},
"src/mock/MockERC20.sol":{"l":{"10":2},"path":"/Users/fps/Desktop/attp-contracts/src/mock/MockERC20.sol","s":{"1":2},"b":{},"f":{"1":2,"2":2},"fnMap":{"1":{"name":"constructor","line":7,"loc":{"start":{"line":7,"column":4},"end":{"line":7,"column":47}}},"2":{"name":"mint","line":9,"loc":{"start":{"line":9,"column":4},"end":{"line":11,"column":4}}}},"statementMap":{"1":{"start":{"line":10,"column":8},"end":{"line":10,"column":24}}},"branchMap":{}},
"src/Recorder.sol":{"l":{"31":2,"33":2,"35":2,"36":2,"37":2,"41":2,"45":2,"49":106,"53":104,"55":104,"59":104,"65":104,"66":4,"67":4},"path":"/Users/fps/Desktop/attp-contracts/src/Recorder.sol","s":{"1":2,"2":2,"3":2,"4":2,"5":106,"6":104,"7":104},"b":{"1":[1,1],"2":[3,101],"3":[4,100]},"f":{"1":2,"2":2,"3":106,"4":104},"fnMap":{"1":{"name":"getDepositDelta","line":30,"loc":{"start":{"line":30,"column":4},"end":{"line":42,"column":4}}},"2":{"name":"userHasDeposited","line":44,"loc":{"start":{"line":44,"column":4},"end":{"line":46,"column":4}}},"3":{"name":"_leafExists","line":48,"loc":{"start":{"line":48,"column":4},"end":{"line":50,"column":4}}},"4":{"name":"_recordDeposit","line":52,"loc":{"start":{"line":52,"column":4},"end":{"line":69,"column":4}}}},"statementMap":{"1":{"start":{"line":31,"column":8},"end":{"line":31,"column":55}},"2":{"start":{"line":33,"column":8},"end":{"line":33,"column":39}},"3":{"start":{"line":41,"column":8},"end":{"line":41,"column":27}},"4":{"start":{"line":45,"column":8},"end":{"line":45,"column":41}},"5":{"start":{"line":49,"column":8},"end":{"line":49,"column":27}},"6":{"start":{"line":55,"column":8},"end":{"line":55,"column":1818}},"7":{"start":{"line":65,"column":8},"end":{"line":65,"column":2087}}},"branchMap":{"1":{"line":38,"type":"if","locations":[{"start":{"line":38,"column":14},"end":{"line":38,"column":34}},{"start":{"line":39,"column":14},"end":{"line":39,"column":51}}]},"2":{"line":56,"type":"if","locations":[{"start":{"line":56,"column":14},"end":{"line":56,"column":34}},{"start":{"line":57,"column":14},"end":{"line":57,"column":51}}]},"3":{"line":65,"type":"if","locations":[{"start":{"line":65,"column":8},"end":{"line":65,"column":8}},{"start":{"line":65,"column":8},"end":{"line":65,"column":8}}]}}},
"src/Verifier.sol":{"l":{"2844":3},"path":"/Users/fps/Desktop/attp-contracts/src/Verifier.sol","s":{},"b":{},"f":{"1":3},"fnMap":{"1":{"name":"verifyProof","line":2843,"loc":{"start":{"line":2843,"column":4},"end":{"line":6663,"column":5}}}},"statementMap":{},"branchMap":{}}}
