TN:
SF:/Users/fps/Desktop/attp-contracts/src/Fee.sol
FN:24,_takeFee
FN:28,_calculateFee
FN:32,_distributeFee
FNF:3
FNH:3
FNDA:154,_takeFee
FNDA:158,_calculateFee
FNDA:154,_distributeFee
DA:25,154
DA:29,158
DA:33,154
DA:34,154
DA:36,154
DA:37,19
DA:38,19
DA:40,19
DA:42,135
DA:43,135
LF:10
LH:10
BRDA:36,1,0,19
BRDA:36,1,1,135
BRDA:40,2,0,19
BRDA:40,2,1,0
BRF:4
BRH:3
end_of_record
TN:
SF:/Users/fps/Desktop/attp-contracts/src/interfaces/IMain.sol
FNF:0
FNH:0
LF:0
LH:0
BRF:0
BRH:0
end_of_record
TN:
SF:/Users/fps/Desktop/attp-contracts/src/lib/Computer.sol
FN:14,_computePublicSignals
FN:47,_computeByteToBitArray
FNF:2
FNH:2
FNDA:3,_computePublicSignals
FNDA:348,_computeByteToBitArray
DA:18,3
DA:21,3
DA:24,3
DA:25,96
DA:27,96
DA:28,768
DA:29,768
DA:33,3
DA:35,3
DA:36,252
DA:38,252
DA:39,2016
DA:40,2016
DA:48,348
DA:49,2784
DA:50,1008
DA:52,1776
LF:17
LH:17
BRDA:49,1,0,1008
BRDA:49,1,1,1776
BRF:2
BRH:2
end_of_record
TN:
SF:/Users/fps/Desktop/attp-contracts/src/lib/Extractor.sol
FN:5,_extractKeyMetadata
FN:15,_extractKeyHash
FN:19,_extractAsset
FN:23,_extractAmount
FNF:4
FNH:4
FNDA:159,_extractKeyMetadata
FNDA:159,_extractKeyHash
FNDA:159,_extractAsset
FNDA:159,_extractAmount
DA:10,159
DA:11,159
DA:12,159
DA:16,159
DA:20,159
DA:24,159
LF:6
LH:6
BRF:0
BRH:0
end_of_record
TN:
SF:/Users/fps/Desktop/attp-contracts/src/Main.sol
FN:21,constructor
FN:27,deposit
FN:61,withdraw
FN:86,_getMaxWithdrawalOnAmount
FN:91,_rootIsInHistory
FNF:5
FNH:5
FNDA:2,constructor
FNDA:156,deposit
FNDA:6,withdraw
FNDA:4,_getMaxWithdrawalOnAmount
FNDA:6,_rootIsInHistory
DA:22,2
DA:28,156
DA:30,155
DA:32,155
DA:34,155
DA:35,20
DA:36,19
DA:38,135
DA:39,135
DA:43,154
DA:44,154
DA:46,154
DA:47,154
DA:48,154
DA:49,154
DA:62,6
DA:64,5
DA:65,4
DA:67,4
DA:69,4
DA:70,4
DA:72,4
DA:73,3
DA:75,3
DA:76,3
DA:78,3
DA:80,2
DA:81,1
DA:82,1
DA:87,4
DA:88,4
DA:92,6
DA:93,92
DA:96,1
LF:34
LH:34
BRDA:28,1,0,1
BRDA:28,1,1,155
BRDA:34,2,0,20
BRDA:34,2,1,135
BRDA:35,3,0,1
BRDA:35,3,1,19
BRDA:44,4,0,154
BRDA:44,4,1,0
BRDA:61,5,0,6
BRDA:61,5,1,0
BRDA:62,6,0,1
BRDA:62,6,1,5
BRDA:64,7,0,1
BRDA:64,7,1,4
BRDA:72,8,0,1
BRDA:72,8,1,3
BRDA:78,9,0,1
BRDA:78,9,1,2
BRDA:80,10,0,1
BRDA:80,10,1,1
BRDA:82,11,0,1
BRDA:82,11,1,0
BRDA:93,12,0,5
BRDA:93,12,1,87
BRF:24
BRH:21
end_of_record
TN:
SF:/Users/fps/Desktop/attp-contracts/src/mock/MockERC20.sol
FN:7,constructor
FN:9,mint
FNF:2
FNH:2
FNDA:2,constructor
FNDA:2,mint
DA:10,2
LF:1
LH:1
BRF:0
BRH:0
end_of_record
TN:
SF:/Users/fps/Desktop/attp-contracts/src/Recorder.sol
FN:30,getDepositDelta
FN:44,userHasDeposited
FN:48,_leafExists
FN:52,_recordDeposit
FNF:4
FNH:4
FNDA:2,getDepositDelta
FNDA:2,userHasDeposited
FNDA:156,_leafExists
FNDA:154,_recordDeposit
DA:31,2
DA:33,2
DA:35,2
DA:36,2
DA:37,2
DA:41,2
DA:45,2
DA:49,156
DA:53,154
DA:55,154
DA:59,154
DA:65,154
DA:66,4
DA:67,4
LF:14
LH:14
BRDA:38,1,0,1
BRDA:38,1,1,1
BRDA:56,2,0,19
BRDA:56,2,1,135
BRDA:65,3,0,4
BRDA:65,3,1,150
BRF:6
BRH:6
end_of_record
TN:
SF:/Users/fps/Desktop/attp-contracts/src/Verifier.sol
FN:2843,verifyProof
FNF:1
FNH:1
FNDA:3,verifyProof
DA:2844,3
LF:1
LH:1
BRF:0
BRH:0
end_of_record
