TN:
SF:/Users/fps/Desktop/attp-contracts/src/Fee.sol
FN:24,_takeFee
FN:28,_calculateFee
FN:32,_distributeFee
FNF:3
FNH:3
FNDA:2,_takeFee
FNDA:2,_calculateFee
FNDA:2,_distributeFee
DA:25,2
DA:29,2
DA:33,2
DA:34,2
DA:36,2
DA:37,1
DA:38,1
DA:40,1
DA:42,1
DA:43,1
LF:10
LH:10
BRDA:36,1,0,1
BRDA:36,1,1,1
BRDA:40,2,0,1
BRDA:40,2,1,0
BRF:4
BRH:3
end_of_record
TN:
SF:/Users/fps/Desktop/attp-contracts/src/interfaces/IMain.sol
FNF:0
FNH:0
LF:0
LH:0
BRF:0
BRH:0
end_of_record
TN:
SF:/Users/fps/Desktop/attp-contracts/src/lib/Computer.sol
FN:14,_computePublicSignals
FN:35,_computeByteToBitArray
FNF:2
FNH:0
FNDA:0,_computePublicSignals
FNDA:0,_computeByteToBitArray
DA:18,0
DA:21,0
DA:23,0
DA:24,0
DA:26,0
DA:27,0
DA:28,0
DA:36,0
DA:37,0
DA:38,0
DA:40,0
LF:11
LH:0
BRDA:37,1,0,0
BRDA:37,1,1,0
BRF:2
BRH:0
end_of_record
TN:
SF:/Users/fps/Desktop/attp-contracts/src/lib/Extractor.sol
FN:5,_extractKeyMetadata
FN:15,_extractKeyHash
FN:19,_extractAsset
FN:23,_extractAmount
FNF:4
FNH:4
FNDA:2,_extractKeyMetadata
FNDA:2,_extractKeyHash
FNDA:2,_extractAsset
FNDA:2,_extractAmount
DA:10,2
DA:11,2
DA:12,2
DA:16,2
DA:20,2
DA:24,2
LF:6
LH:6
BRF:0
BRH:0
end_of_record
TN:
SF:/Users/fps/Desktop/attp-contracts/src/Main.sol
FN:24,constructor
FN:30,deposit
FN:58,withdraw
FN:83,_getMaxWithdrawalOnAmount
FN:88,_rootIsInHistory
FNF:5
FNH:2
FNDA:1,constructor
FNDA:3,deposit
FNDA:0,withdraw
FNDA:0,_getMaxWithdrawalOnAmount
FNDA:0,_rootIsInHistory
DA:25,1
DA:31,3
DA:33,2
DA:35,2
DA:36,1
DA:39,1
DA:40,1
DA:43,2
DA:44,2
DA:45,2
DA:46,2
DA:59,0
DA:61,0
DA:62,0
DA:64,0
DA:66,0
DA:67,0
DA:69,0
DA:70,0
DA:72,0
DA:73,0
DA:75,0
DA:77,0
DA:78,0
DA:79,0
DA:84,0
DA:85,0
DA:89,0
DA:90,0
DA:93,0
LF:30
LH:11
BRDA:31,1,0,1
BRDA:31,1,1,2
BRDA:35,2,0,1
BRDA:35,2,1,1
BRDA:40,3,0,1
BRDA:40,3,1,0
BRDA:58,4,0,0
BRDA:58,4,1,0
BRDA:59,5,0,0
BRDA:59,5,1,0
BRDA:61,6,0,0
BRDA:61,6,1,0
BRDA:69,7,0,0
BRDA:69,7,1,0
BRDA:75,8,0,0
BRDA:75,8,1,0
BRDA:77,9,0,0
BRDA:77,9,1,0
BRDA:79,10,0,0
BRDA:79,10,1,0
BRDA:90,11,0,0
BRDA:90,11,1,0
BRF:22
BRH:5
end_of_record
TN:
SF:/Users/fps/Desktop/attp-contracts/src/mock/MockERC20.sol
FN:7,constructor
FN:9,mint
FNF:2
FNH:2
FNDA:1,constructor
FNDA:1,mint
DA:10,1
LF:1
LH:1
BRF:0
BRH:0
end_of_record
TN:
SF:/Users/fps/Desktop/attp-contracts/src/Recorder.sol
FN:27,getDepositDelta
FN:41,userHasDeposited
FN:45,_leafExists
FN:49,_recordDeposit
FNF:4
FNH:4
FNDA:2,getDepositDelta
FNDA:2,userHasDeposited
FNDA:3,_leafExists
FNDA:2,_recordDeposit
DA:28,2
DA:30,2
DA:32,2
DA:33,2
DA:34,2
DA:38,2
DA:42,2
DA:46,3
DA:50,2
DA:52,2
DA:56,2
DA:62,2
DA:63,2
DA:64,2
LF:14
LH:14
BRDA:35,1,0,1
BRDA:35,1,1,1
BRDA:53,2,0,1
BRDA:53,2,1,1
BRDA:62,3,0,2
BRDA:62,3,1,0
BRF:6
BRH:5
end_of_record
TN:
SF:/Users/fps/Desktop/attp-contracts/src/Verifier.sol
FN:2844,verifyProof
FNF:1
FNH:0
FNDA:0,verifyProof
DA:2845,0
LF:1
LH:0
BRF:0
BRH:0
end_of_record
